<?xml version="1.0" encoding="UTF-8"?>
<!-- Generated by org.testng.reporters.JUnitReportReporter -->
<testsuite hostname="DESKTOP-ULCFHFQ" failures="0" tests="3" name="Test.putPatchDeletes" time="4.206" errors="0" timestamp="2024-12-28T11:50:09 IST" skipped="0">
  <testcase classname="Test.putPatchDeletes" name="testDelete" time="2.735"/>
  <testcase classname="Test.putPatchDeletes" name="testPut" time="0.567"/>
  <testcase classname="Test.putPatchDeletes" name="testPatch" time="0.904"/>
</testsuite> <!-- Test.putPatchDeletes -->
