<?xml version="1.0" encoding="UTF-8"?>
<!-- Generated by org.testng.reporters.JUnitReportReporter -->
<testsuite hostname="DESKTOP-ULCFHFQ" failures="0" tests="2" name="Test.getAndPostExample" time="7.931" errors="0" timestamp="2024-12-28T11:37:53 IST" skipped="0">
  <testcase classname="Test.getAndPostExample" name="testPost" time="0.811"/>
  <testcase classname="Test.getAndPostExample" name="testGet" time="7.120"/>
</testsuite> <!-- Test.getAndPostExample -->
