<?xml version="1.0" encoding="UTF-8"?>
<!-- Generated by org.testng.reporters.JUnitReportReporter -->
<testsuite hostname="DESKTOP-ULCFHFQ" failures="0" tests="2" name="Test.TestExample" time="3.783" errors="0" timestamp="2024-11-28T18:50:09 IST" skipped="0">
  <testcase classname="Test.TestExample" name="test_1" time="2.667"/>
  <testcase classname="Test.TestExample" name="test_2" time="1.116"/>
</testsuite> <!-- Test.TestExample -->
